DEBUG Site:http://nash-farfor.ru: 2015-07-24 01:40:58 +0300 add page http://nash-farfor.ru to site with option: allowed by robot? true
DEBUG Site:http://nash-farfor.ru: 2015-07-24 01:40:58 +0300 Page url: http://nash-farfor.ru Site url: nash-farfor.ru
DEBUG Site:http://nash-farfor.ru: 2015-07-24 01:40:58 +0300 page created and not nil true
DEBUG Site:http://nash-farfor.ru: 2015-07-24 01:40:58 +0300 add page http://nash-farfor.ru to site with option: allowed by robot? true
DEBUG Site:http://nash-farfor.ru: 2015-07-24 01:40:58 +0300 Page url: http://nash-farfor.ru Site url: nash-farfor.ru
DEBUG Site:http://nash-farfor.ru: 2015-07-24 01:40:58 +0300 page created and not nil true
DEBUG Site:http://nash-farfor.ru: 2015-07-24 01:40:58 +0300 add page http://nash-farfor.ru to site with option: allowed by robot? true
DEBUG Site:http://nash-farfor.ru: 2015-07-24 01:40:58 +0300 Page url: http://nash-farfor.ru Site url: nash-farfor.ru
DEBUG Site:http://nash-farfor.ru: 2015-07-24 01:40:58 +0300 page created and not nil true
DEBUG Site:http://nash-farfor.ru: 2015-07-24 01:40:58 +0300 add page http://nash-farfor.ru to site with option: allowed by robot? true
DEBUG Site:http://nash-farfor.ru: 2015-07-24 01:40:58 +0300 Page url: http://nash-farfor.ru Site url: nash-farfor.ru
DEBUG Site:http://nash-farfor.ru: 2015-07-24 01:40:58 +0300 page created and not nil true
DEBUG Site:http://nash-farfor.ru: 2015-07-24 01:40:58 +0300 add page http://nash-farfor.ru to site with option: allowed by robot? true
DEBUG Site:http://nash-farfor.ru: 2015-07-24 01:40:58 +0300 Page url: http://nash-farfor.ru Site url: nash-farfor.ru
DEBUG Site:http://nash-farfor.ru: 2015-07-24 01:40:58 +0300 page created and not nil true
DEBUG Site:http://nash-farfor.ru: 2015-07-24 01:41:47 +0300 add page http://nash-farfor.ru to site with option: allowed by robot? true
DEBUG Site:http://nash-farfor.ru: 2015-07-24 01:41:47 +0300 Page url: http://nash-farfor.ru Site url: nash-farfor.ru
DEBUG Site:http://nash-farfor.ru: 2015-07-24 01:41:47 +0300 page created and not nil true
DEBUG Site:http://nash-farfor.ru: Array: []
DEBUG Site:http://nash-farfor.ru: 2015-07-24 01:41:47 +0300 add page http://nash-farfor.ru to site with option: allowed by robot? true
DEBUG Site:http://nash-farfor.ru: 2015-07-24 01:41:47 +0300 Page url: http://nash-farfor.ru Site url: nash-farfor.ru
DEBUG Site:http://nash-farfor.ru: 2015-07-24 01:41:47 +0300 page created and not nil true
DEBUG Site:http://nash-farfor.ru: Array: []
DEBUG Site:http://nash-farfor.ru: 2015-07-24 01:41:47 +0300 add page http://nash-farfor.ru to site with option: allowed by robot? true
DEBUG Site:http://nash-farfor.ru: 2015-07-24 01:41:47 +0300 Page url: http://nash-farfor.ru Site url: nash-farfor.ru
DEBUG Site:http://nash-farfor.ru: 2015-07-24 01:41:47 +0300 page created and not nil true
DEBUG Site:http://nash-farfor.ru: Array: []
DEBUG Site:http://nash-farfor.ru: 2015-07-24 01:41:47 +0300 add page http://nash-farfor.ru to site with option: allowed by robot? true
DEBUG Site:http://nash-farfor.ru: 2015-07-24 01:41:47 +0300 Page url: http://nash-farfor.ru Site url: nash-farfor.ru
DEBUG Site:http://nash-farfor.ru: 2015-07-24 01:41:47 +0300 page created and not nil true
DEBUG Site:http://nash-farfor.ru: Array: []
DEBUG Site:http://nash-farfor.ru: 2015-07-24 01:41:47 +0300 add page http://nash-farfor.ru to site with option: allowed by robot? true
DEBUG Site:http://nash-farfor.ru: 2015-07-24 01:41:47 +0300 Page url: http://nash-farfor.ru Site url: nash-farfor.ru
DEBUG Site:http://nash-farfor.ru: 2015-07-24 01:41:47 +0300 page created and not nil true
DEBUG Site:http://nash-farfor.ru: Array: []
DEBUG Site:http://nash-farfor.ru: 2015-07-24 01:43:18 +0300 add page http://nash-farfor.ru to site with option: allowed by robot? true
DEBUG Site:http://nash-farfor.ru: 2015-07-24 01:43:19 +0300 Page url: http://nash-farfor.ru Site url: nash-farfor.ru
DEBUG Site:http://nash-farfor.ru: 2015-07-24 01:43:19 +0300 page created and not nil true
DEBUG Site:http://nash-farfor.ru: Array: []
DEBUG Site:http://nash-farfor.ru: 2015-07-24 01:43:19 +0300 add page http://nash-farfor.ru to site with option: allowed by robot? true
DEBUG Site:http://nash-farfor.ru: 2015-07-24 01:43:19 +0300 Page url: http://nash-farfor.ru Site url: nash-farfor.ru
DEBUG Site:http://nash-farfor.ru: 2015-07-24 01:43:19 +0300 page created and not nil true
DEBUG Site:http://nash-farfor.ru: Array: []
DEBUG Site:http://nash-farfor.ru: 2015-07-24 01:43:19 +0300 add page http://nash-farfor.ru to site with option: allowed by robot? true
DEBUG Site:http://nash-farfor.ru: 2015-07-24 01:43:19 +0300 Page url: http://nash-farfor.ru Site url: nash-farfor.ru
DEBUG Site:http://nash-farfor.ru: 2015-07-24 01:43:19 +0300 page created and not nil true
DEBUG Site:http://nash-farfor.ru: Array: []
DEBUG Site:http://nash-farfor.ru: 2015-07-24 01:43:19 +0300 add page http://nash-farfor.ru to site with option: allowed by robot? true
DEBUG Site:http://nash-farfor.ru: 2015-07-24 01:43:19 +0300 Page url: http://nash-farfor.ru Site url: nash-farfor.ru
DEBUG Site:http://nash-farfor.ru: 2015-07-24 01:43:19 +0300 page created and not nil true
DEBUG Site:http://nash-farfor.ru: Array: []
DEBUG Site:http://nash-farfor.ru: 2015-07-24 01:43:19 +0300 add page http://nash-farfor.ru to site with option: allowed by robot? true
DEBUG Site:http://nash-farfor.ru: 2015-07-24 01:43:19 +0300 Page url: http://nash-farfor.ru Site url: nash-farfor.ru
DEBUG Site:http://nash-farfor.ru: 2015-07-24 01:43:19 +0300 page created and not nil true
DEBUG Site:http://nash-farfor.ru: Array: []
DEBUG Site:http://nash-farfor.ru: 2015-07-24 01:44:56 +0300 add page http://nash-farfor.ru to site with option: allowed by robot? true
DEBUG Site:http://nash-farfor.ru: 2015-07-24 01:44:56 +0300 Page url: http://nash-farfor.ru Site url: nash-farfor.ru
DEBUG Site:http://nash-farfor.ru: 2015-07-24 01:44:56 +0300 page created and not nil true
DEBUG Site:http://nash-farfor.ru: Array: []
DEBUG Site:http://nash-farfor.ru: 2015-07-24 01:44:56 +0300 add page http://nash-farfor.ru to site with option: allowed by robot? true
DEBUG Site:http://nash-farfor.ru: 2015-07-24 01:44:56 +0300 Page url: http://nash-farfor.ru Site url: nash-farfor.ru
DEBUG Site:http://nash-farfor.ru: 2015-07-24 01:44:56 +0300 page created and not nil true
DEBUG Site:http://nash-farfor.ru: Array: []
DEBUG Site:http://nash-farfor.ru: 2015-07-24 01:44:56 +0300 add page http://nash-farfor.ru to site with option: allowed by robot? true
DEBUG Site:http://nash-farfor.ru: 2015-07-24 01:44:56 +0300 Page url: http://nash-farfor.ru Site url: nash-farfor.ru
DEBUG Site:http://nash-farfor.ru: 2015-07-24 01:44:56 +0300 page created and not nil true
DEBUG Site:http://nash-farfor.ru: Array: []
DEBUG Site:http://nash-farfor.ru: 2015-07-24 01:44:56 +0300 add page http://nash-farfor.ru to site with option: allowed by robot? true
DEBUG Site:http://nash-farfor.ru: 2015-07-24 01:44:56 +0300 Page url: http://nash-farfor.ru Site url: nash-farfor.ru
DEBUG Site:http://nash-farfor.ru: 2015-07-24 01:44:56 +0300 page created and not nil true
DEBUG Site:http://nash-farfor.ru: Array: []
DEBUG Site:http://nash-farfor.ru: 2015-07-24 01:44:57 +0300 add page http://nash-farfor.ru to site with option: allowed by robot? true
DEBUG Site:http://nash-farfor.ru: 2015-07-24 01:44:57 +0300 Page url: http://nash-farfor.ru Site url: nash-farfor.ru
DEBUG Site:http://nash-farfor.ru: 2015-07-24 01:44:57 +0300 page created and not nil true
DEBUG Site:http://nash-farfor.ru: Array: []
DEBUG Site:http://nash-farfor.ru: 2015-07-24 01:45:34 +0300 add page http://nash-farfor.ru to site with option: allowed by robot? true
DEBUG Site:http://nash-farfor.ru: 2015-07-24 01:45:36 +0300 Page url: http://nash-farfor.ru Site url: nash-farfor.ru
DEBUG Site:http://nash-farfor.ru: 2015-07-24 01:45:36 +0300 page created and not nil true
DEBUG Site:http://nash-farfor.ru: Array: []
DEBUG Site:http://nash-farfor.ru: 2015-07-24 01:45:36 +0300 add page http://nash-farfor.ru to site with option: allowed by robot? true
DEBUG Site:http://nash-farfor.ru: 2015-07-24 01:45:37 +0300 Page url: http://nash-farfor.ru Site url: nash-farfor.ru
DEBUG Site:http://nash-farfor.ru: 2015-07-24 01:45:37 +0300 page created and not nil true
DEBUG Site:http://nash-farfor.ru: Array: []
DEBUG Site:http://nash-farfor.ru: 2015-07-24 01:45:37 +0300 add page http://nash-farfor.ru to site with option: allowed by robot? true
DEBUG Site:http://nash-farfor.ru: 2015-07-24 01:45:38 +0300 Page url: http://nash-farfor.ru Site url: nash-farfor.ru
DEBUG Site:http://nash-farfor.ru: 2015-07-24 01:45:38 +0300 page created and not nil true
DEBUG Site:http://nash-farfor.ru: Array: []
DEBUG Site:http://nash-farfor.ru: 2015-07-24 01:45:38 +0300 add page http://nash-farfor.ru to site with option: allowed by robot? true
DEBUG Site:http://nash-farfor.ru: 2015-07-24 01:45:39 +0300 Page url: http://nash-farfor.ru Site url: nash-farfor.ru
DEBUG Site:http://nash-farfor.ru: 2015-07-24 01:45:39 +0300 page created and not nil true
DEBUG Site:http://nash-farfor.ru: Array: []
DEBUG Site:http://nash-farfor.ru: 2015-07-24 01:45:39 +0300 add page http://nash-farfor.ru to site with option: allowed by robot? true
DEBUG Site:http://nash-farfor.ru: 2015-07-24 01:45:41 +0300 Page url: http://nash-farfor.ru Site url: nash-farfor.ru
DEBUG Site:http://nash-farfor.ru: 2015-07-24 01:45:41 +0300 page created and not nil true
DEBUG Site:http://nash-farfor.ru: Array: []
DEBUG Site:http://nash-farfor.ru: 2015-07-24 01:51:12 +0300 add page http://nash-farfor.ru to site with option: allowed by robot? true
DEBUG Site:http://nash-farfor.ru: 2015-07-24 01:51:13 +0300 Page url: http://nash-farfor.ru Site url: nash-farfor.ru
DEBUG Site:http://nash-farfor.ru: 2015-07-24 01:51:13 +0300 page created and not nil true
DEBUG Site:http://nash-farfor.ru: Array: []
DEBUG Site:http://nash-farfor.ru: 2015-07-24 01:51:13 +0300 add page http://nash-farfor.ru to site with option: allowed by robot? true
DEBUG Site:http://nash-farfor.ru: 2015-07-24 01:51:14 +0300 Page url: http://nash-farfor.ru Site url: nash-farfor.ru
DEBUG Site:http://nash-farfor.ru: 2015-07-24 01:51:14 +0300 page created and not nil true
DEBUG Site:http://nash-farfor.ru: Array: []
DEBUG Site:http://nash-farfor.ru: 2015-07-24 01:51:14 +0300 add page http://nash-farfor.ru to site with option: allowed by robot? true
DEBUG Site:http://nash-farfor.ru: 2015-07-24 01:51:16 +0300 Page url: http://nash-farfor.ru Site url: nash-farfor.ru
DEBUG Site:http://nash-farfor.ru: 2015-07-24 01:51:16 +0300 page created and not nil true
DEBUG Site:http://nash-farfor.ru: Array: []
DEBUG Site:http://nash-farfor.ru: 2015-07-24 01:51:17 +0300 add page http://nash-farfor.ru to site with option: allowed by robot? true
DEBUG Site:http://nash-farfor.ru: 2015-07-24 01:51:18 +0300 Page url: http://nash-farfor.ru Site url: nash-farfor.ru
DEBUG Site:http://nash-farfor.ru: 2015-07-24 01:51:18 +0300 page created and not nil true
DEBUG Site:http://nash-farfor.ru: Array: []
DEBUG Site:http://nash-farfor.ru: 2015-07-24 01:51:18 +0300 add page http://nash-farfor.ru to site with option: allowed by robot? true
DEBUG Site:http://nash-farfor.ru: 2015-07-24 01:51:19 +0300 Page url: http://nash-farfor.ru Site url: nash-farfor.ru
DEBUG Site:http://nash-farfor.ru: 2015-07-24 01:51:19 +0300 page created and not nil true
DEBUG Site:http://nash-farfor.ru: Array: []
DEBUG Site:http://nash-farfor.ru: 2015-07-24 01:55:22 +0300 add page http://nash-farfor.ru to site with option: allowed by robot? true
DEBUG Site:http://nash-farfor.ru: 2015-07-24 01:55:23 +0300 Page url: http://nash-farfor.ru Site url: nash-farfor.ru
DEBUG Site:http://nash-farfor.ru: 2015-07-24 01:55:23 +0300 page created and not nil true
DEBUG Site:http://nash-farfor.ru: Array: []
DEBUG Site:http://nash-farfor.ru: 2015-07-24 01:55:23 +0300 add page http://nash-farfor.ru to site with option: allowed by robot? true
DEBUG Site:http://nash-farfor.ru: 2015-07-24 01:55:24 +0300 Page url: http://nash-farfor.ru Site url: nash-farfor.ru
DEBUG Site:http://nash-farfor.ru: 2015-07-24 01:55:24 +0300 page created and not nil true
DEBUG Site:http://nash-farfor.ru: Array: []
DEBUG Site:http://nash-farfor.ru: 2015-07-24 01:55:24 +0300 add page http://nash-farfor.ru to site with option: allowed by robot? true
DEBUG Site:http://nash-farfor.ru: 2015-07-24 01:55:25 +0300 Page url: http://nash-farfor.ru Site url: nash-farfor.ru
DEBUG Site:http://nash-farfor.ru: 2015-07-24 01:55:25 +0300 page created and not nil true
DEBUG Site:http://nash-farfor.ru: Array: []
DEBUG Site:http://nash-farfor.ru: 2015-07-24 01:55:25 +0300 add page http://nash-farfor.ru to site with option: allowed by robot? true
DEBUG Site:http://nash-farfor.ru: 2015-07-24 01:55:27 +0300 Page url: http://nash-farfor.ru Site url: nash-farfor.ru
DEBUG Site:http://nash-farfor.ru: 2015-07-24 01:55:27 +0300 page created and not nil true
DEBUG Site:http://nash-farfor.ru: Array: []
DEBUG Site:http://nash-farfor.ru: 2015-07-24 01:55:27 +0300 add page http://nash-farfor.ru to site with option: allowed by robot? true
DEBUG Site:http://nash-farfor.ru: 2015-07-24 01:55:28 +0300 Page url: http://nash-farfor.ru Site url: nash-farfor.ru
DEBUG Site:http://nash-farfor.ru: 2015-07-24 01:55:28 +0300 page created and not nil true
DEBUG Site:http://nash-farfor.ru: Array: []
DEBUG Site:http://nash-farfor.ru: 2015-07-24 01:56:58 +0300 add page http://nash-farfor.ru to site with option: allowed by robot? true
DEBUG Site:http://nash-farfor.ru: 2015-07-24 01:57:00 +0300 Page url: http://nash-farfor.ru Site url: nash-farfor.ru
DEBUG Site:http://nash-farfor.ru: 2015-07-24 01:57:00 +0300 page created and not nil true
DEBUG Site:http://nash-farfor.ru: Array: []
DEBUG Site:http://nash-farfor.ru: 2015-07-24 01:57:00 +0300 add page http://nash-farfor.ru to site with option: allowed by robot? true
DEBUG Site:http://nash-farfor.ru: 2015-07-24 01:57:01 +0300 Page url: http://nash-farfor.ru Site url: nash-farfor.ru
DEBUG Site:http://nash-farfor.ru: 2015-07-24 01:57:01 +0300 page created and not nil true
DEBUG Site:http://nash-farfor.ru: Array: []
DEBUG Site:http://nash-farfor.ru: 2015-07-24 01:57:01 +0300 add page http://nash-farfor.ru to site with option: allowed by robot? true
DEBUG Site:http://nash-farfor.ru: 2015-07-24 01:57:03 +0300 Page url: http://nash-farfor.ru Site url: nash-farfor.ru
DEBUG Site:http://nash-farfor.ru: 2015-07-24 01:57:03 +0300 page created and not nil true
DEBUG Site:http://nash-farfor.ru: Array: []
DEBUG Site:http://nash-farfor.ru: 2015-07-24 01:57:03 +0300 add page http://nash-farfor.ru to site with option: allowed by robot? true
DEBUG Site:http://nash-farfor.ru: 2015-07-24 01:57:04 +0300 Page url: http://nash-farfor.ru Site url: nash-farfor.ru
DEBUG Site:http://nash-farfor.ru: 2015-07-24 01:57:04 +0300 page created and not nil true
DEBUG Site:http://nash-farfor.ru: Array: []
DEBUG Site:http://nash-farfor.ru: 2015-07-24 01:57:04 +0300 add page http://nash-farfor.ru to site with option: allowed by robot? true
DEBUG Site:http://nash-farfor.ru: 2015-07-24 01:57:05 +0300 Page url: http://nash-farfor.ru Site url: nash-farfor.ru
DEBUG Site:http://nash-farfor.ru: 2015-07-24 01:57:05 +0300 page created and not nil true
DEBUG Site:http://nash-farfor.ru: Array: []
DEBUG Site:http://nash-farfor.ru: 2015-07-24 01:59:28 +0300 add page http://nash-farfor.ru to site with option: allowed by robot? true
DEBUG Site:http://nash-farfor.ru: 2015-07-24 01:59:29 +0300 Page url: http://nash-farfor.ru Site url: nash-farfor.ru
DEBUG Site:http://nash-farfor.ru: 2015-07-24 01:59:29 +0300 page created and not nil true
DEBUG Site:http://nash-farfor.ru: Array: []
DEBUG Site:http://nash-farfor.ru: 2015-07-24 01:59:29 +0300 add page http://nash-farfor.ru to site with option: allowed by robot? true
DEBUG Site:http://nash-farfor.ru: 2015-07-24 01:59:30 +0300 Page url: http://nash-farfor.ru Site url: nash-farfor.ru
DEBUG Site:http://nash-farfor.ru: 2015-07-24 01:59:30 +0300 page created and not nil true
DEBUG Site:http://nash-farfor.ru: Array: []
DEBUG Site:http://nash-farfor.ru: 2015-07-24 01:59:30 +0300 add page http://nash-farfor.ru to site with option: allowed by robot? true
DEBUG Site:http://nash-farfor.ru: 2015-07-24 01:59:31 +0300 Page url: http://nash-farfor.ru Site url: nash-farfor.ru
DEBUG Site:http://nash-farfor.ru: 2015-07-24 01:59:31 +0300 page created and not nil true
DEBUG Site:http://nash-farfor.ru: Array: []
DEBUG Site:http://nash-farfor.ru: 2015-07-24 01:59:31 +0300 add page http://nash-farfor.ru to site with option: allowed by robot? true
DEBUG Site:http://nash-farfor.ru: 2015-07-24 01:59:32 +0300 Page url: http://nash-farfor.ru Site url: nash-farfor.ru
DEBUG Site:http://nash-farfor.ru: 2015-07-24 01:59:32 +0300 page created and not nil true
DEBUG Site:http://nash-farfor.ru: Array: []
DEBUG Site:http://nash-farfor.ru: 2015-07-24 01:59:32 +0300 add page http://nash-farfor.ru to site with option: allowed by robot? true
DEBUG Site:http://nash-farfor.ru: 2015-07-24 01:59:33 +0300 Page url: http://nash-farfor.ru Site url: nash-farfor.ru
DEBUG Site:http://nash-farfor.ru: 2015-07-24 01:59:33 +0300 page created and not nil true
DEBUG Site:http://nash-farfor.ru: Array: []
DEBUG Site:http://nash-farfor.ru: 2015-07-24 02:00:57 +0300 add page http://nash-farfor.ru to site with option: allowed by robot? true
DEBUG Site:http://nash-farfor.ru: 2015-07-24 02:00:59 +0300 Page url: http://nash-farfor.ru Site url: nash-farfor.ru
DEBUG Site:http://nash-farfor.ru: 2015-07-24 02:00:59 +0300 page created and not nil true
DEBUG Site:http://nash-farfor.ru: Array: []
DEBUG Site:http://nash-farfor.ru: Array: []
DEBUG Site:http://nash-farfor.ru: 2015-07-24 02:00:59 +0300 add page http://nash-farfor.ru to site with option: allowed by robot? true
DEBUG Site:http://nash-farfor.ru: 2015-07-24 02:01:00 +0300 Page url: http://nash-farfor.ru Site url: nash-farfor.ru
DEBUG Site:http://nash-farfor.ru: 2015-07-24 02:01:00 +0300 page created and not nil true
DEBUG Site:http://nash-farfor.ru: Array: []
DEBUG Site:http://nash-farfor.ru: Array: []
DEBUG Site:http://nash-farfor.ru: 2015-07-24 02:01:00 +0300 add page http://nash-farfor.ru to site with option: allowed by robot? true
DEBUG Site:http://nash-farfor.ru: 2015-07-24 02:01:01 +0300 Page url: http://nash-farfor.ru Site url: nash-farfor.ru
DEBUG Site:http://nash-farfor.ru: 2015-07-24 02:01:01 +0300 page created and not nil true
DEBUG Site:http://nash-farfor.ru: Array: []
DEBUG Site:http://nash-farfor.ru: Array: []
DEBUG Site:http://nash-farfor.ru: 2015-07-24 02:01:01 +0300 add page http://nash-farfor.ru to site with option: allowed by robot? true
DEBUG Site:http://nash-farfor.ru: 2015-07-24 02:01:03 +0300 Page url: http://nash-farfor.ru Site url: nash-farfor.ru
DEBUG Site:http://nash-farfor.ru: 2015-07-24 02:01:03 +0300 page created and not nil true
DEBUG Site:http://nash-farfor.ru: Array: []
DEBUG Site:http://nash-farfor.ru: Array: []
DEBUG Site:http://nash-farfor.ru: 2015-07-24 02:01:03 +0300 add page http://nash-farfor.ru to site with option: allowed by robot? true
DEBUG Site:http://nash-farfor.ru: 2015-07-24 02:01:04 +0300 Page url: http://nash-farfor.ru Site url: nash-farfor.ru
DEBUG Site:http://nash-farfor.ru: 2015-07-24 02:01:04 +0300 page created and not nil true
DEBUG Site:http://nash-farfor.ru: Array: []
DEBUG Site:http://nash-farfor.ru: Array: []
DEBUG Site:http://nash-farfor.ru: 2015-07-24 02:01:45 +0300 add page http://nash-farfor.ru to site with option: allowed by robot? true
DEBUG Site:http://nash-farfor.ru: 2015-07-24 02:01:47 +0300 Page url: http://nash-farfor.ru Site url: nash-farfor.ru
DEBUG Site:http://nash-farfor.ru: 2015-07-24 02:01:47 +0300 page created and not nil true
DEBUG Site:http://nash-farfor.ru: SiteAnalyzer::Page: #<SiteAnalyzer::Page:0x007f7424fc6ad0 @page_url="http://nash-farfor.ru", @page=#<Nokogiri::HTML::Document:0x3fba127e32e8 name="document" children=[#<Nokogiri::XML::DTD:0x3fba127e1c90 name="html">, #<Nokogiri::XML::Element:0x3fba127e2b40 name="html" children=[#<Nokogiri::XML::Element:0x3fba127e1718 name="body" children=[#<Nokogiri::XML::Element:0x3fba127e14d4 name="p" children=[#<Nokogiri::XML::Text:0x3fba127e1290 "http://nash-farfor.ru">]>]>]>]>, @site_url="nash-farfor.ru", @titles=[]>
DEBUG Site:http://nash-farfor.ru: Array: []
DEBUG Site:http://nash-farfor.ru: Array: []
DEBUG Site:http://nash-farfor.ru: 2015-07-24 02:01:47 +0300 add page http://nash-farfor.ru to site with option: allowed by robot? true
DEBUG Site:http://nash-farfor.ru: 2015-07-24 02:01:48 +0300 Page url: http://nash-farfor.ru Site url: nash-farfor.ru
DEBUG Site:http://nash-farfor.ru: 2015-07-24 02:01:48 +0300 page created and not nil true
DEBUG Site:http://nash-farfor.ru: SiteAnalyzer::Page: #<SiteAnalyzer::Page:0x007f7424c6bf98 @page_url="http://nash-farfor.ru", @page=#<Nokogiri::HTML::Document:0x3fba12635db0 name="document" children=[#<Nokogiri::XML::DTD:0x3fba12623868 name="html">, #<Nokogiri::XML::Element:0x3fba126356f8 name="html" children=[#<Nokogiri::XML::Element:0x3fba126232a0 name="body" children=[#<Nokogiri::XML::Element:0x3fba12622f80 name="p" children=[#<Nokogiri::XML::Text:0x3fba12622c74 "http://nash-farfor.ru">]>]>]>]>, @site_url="nash-farfor.ru", @titles=[]>
DEBUG Site:http://nash-farfor.ru: Array: []
DEBUG Site:http://nash-farfor.ru: Array: []
DEBUG Site:http://nash-farfor.ru: 2015-07-24 02:01:48 +0300 add page http://nash-farfor.ru to site with option: allowed by robot? true
DEBUG Site:http://nash-farfor.ru: 2015-07-24 02:01:49 +0300 Page url: http://nash-farfor.ru Site url: nash-farfor.ru
DEBUG Site:http://nash-farfor.ru: 2015-07-24 02:01:49 +0300 page created and not nil true
DEBUG Site:http://nash-farfor.ru: SiteAnalyzer::Page: #<SiteAnalyzer::Page:0x007f7424af5ba0 @page_url="http://nash-farfor.ru", @page=#<Nokogiri::HTML::Document:0x3fba1257aa74 name="document" children=[#<Nokogiri::XML::DTD:0x3fba12573738 name="html">, #<Nokogiri::XML::Element:0x3fba1257a0b0 name="html" children=[#<Nokogiri::XML::Element:0x3fba12567000 name="body" children=[#<Nokogiri::XML::Element:0x3fba12566c68 name="p" children=[#<Nokogiri::XML::Text:0x3fba12566718 "http://nash-farfor.ru">]>]>]>]>, @site_url="nash-farfor.ru", @titles=[]>
DEBUG Site:http://nash-farfor.ru: Array: []
DEBUG Site:http://nash-farfor.ru: Array: []
DEBUG Site:http://nash-farfor.ru: 2015-07-24 02:01:49 +0300 add page http://nash-farfor.ru to site with option: allowed by robot? true
DEBUG Site:http://nash-farfor.ru: 2015-07-24 02:01:50 +0300 Page url: http://nash-farfor.ru Site url: nash-farfor.ru
DEBUG Site:http://nash-farfor.ru: 2015-07-24 02:01:50 +0300 page created and not nil true
DEBUG Site:http://nash-farfor.ru: SiteAnalyzer::Page: #<SiteAnalyzer::Page:0x007f7424a50b78 @page_url="http://nash-farfor.ru", @page=#<Nokogiri::HTML::Document:0x3fba125280e4 name="document" children=[#<Nokogiri::XML::DTD:0x3fba1231d18c name="html">, #<Nokogiri::XML::Element:0x3fba12226b20 name="html" children=[#<Nokogiri::XML::Element:0x3fba12316b98 name="body" children=[#<Nokogiri::XML::Element:0x3fba12313664 name="p" children=[#<Nokogiri::XML::Text:0x3fba12312c50 "http://nash-farfor.ru">]>]>]>]>, @site_url="nash-farfor.ru", @titles=[]>
DEBUG Site:http://nash-farfor.ru: Array: []
DEBUG Site:http://nash-farfor.ru: Array: []
DEBUG Site:http://nash-farfor.ru: 2015-07-24 02:01:50 +0300 add page http://nash-farfor.ru to site with option: allowed by robot? true
DEBUG Site:http://nash-farfor.ru: 2015-07-24 02:01:52 +0300 Page url: http://nash-farfor.ru Site url: nash-farfor.ru
DEBUG Site:http://nash-farfor.ru: 2015-07-24 02:01:52 +0300 page created and not nil true
DEBUG Site:http://nash-farfor.ru: SiteAnalyzer::Page: #<SiteAnalyzer::Page:0x007f742520f350 @page_url="http://nash-farfor.ru", @page=#<Nokogiri::HTML::Document:0x3fba129077a0 name="document" children=[#<Nokogiri::XML::DTD:0x3fba12906904 name="html">, #<Nokogiri::XML::Element:0x3fba129071c4 name="html" children=[#<Nokogiri::XML::Element:0x3fba129064a4 name="body" children=[#<Nokogiri::XML::Element:0x3fba1290629c name="p" children=[#<Nokogiri::XML::Text:0x3fba12906120 "http://nash-farfor.ru">]>]>]>]>, @site_url="nash-farfor.ru", @titles=[]>
DEBUG Site:http://nash-farfor.ru: Array: []
DEBUG Site:http://nash-farfor.ru: Array: []
